
Collecting usage statistics. To deactivate, set browser.gatherUsageStats to false.


  You can now view your Streamlit app in your browser.

  Local URL: http://localhost:8002
  Network URL: http://172.28.0.12:8002
  External URL: http://34.126.149.217:8002

[31mâ”€â”€[0m[31mâ”€â”€â”€â”€â”€â”€â”€â”€â”€â”€â”€â”€â”€â”€â”€â”€â”€â”€â”€â”€â”€â”€â”€â”€[0m[31m [0m[1;31mTraceback [0m[1;2;31m(most recent call last)[0m[31m [0m[31mâ”€â”€â”€â”€â”€â”€â”€â”€â”€â”€â”€â”€â”€â”€â”€â”€â”€â”€â”€â”€â”€â”€â”€â”€â”€[0m[31mâ”€â”€[0m
[31m [0m [2;33m/usr/local/lib/python3.12/dist-packages/streamlit/runtime/scriptrunner/[0m[1;33mexec_code.py[0m: [31m [0m
[31m [0m [94m129[0m in [92mexec_func_with_error_handling[0m                                                 [31m [0m
[31m [0m                                                                                      [31m [0m
[31m [0m [2;33m/usr/local/lib/python3.12/dist-packages/streamlit/runtime/scriptrunner/[0m[1;33mscript_runner[0m [31m [0m
[31m [0m [1;33m.py[0m:[94m672[0m in [92mcode_to_exec[0m                                                              [31m [0m
[31m [0m                                                                                      [31m [0m
[31m [0m [2;33m/content/[0m[1;33mapp.py[0m:[94m36[0m in [92m<module>[0m                                                       [31m [0m
[31m [0m                                                                                      [31m [0m
[31m [0m   [2m 33 [0m[2;90mâ”‚   [0m[33m"""Return True iff the local HEAD matches origin/main and the working tree[0m [31m [0m
[31m [0m   [2m 34 [0m[2;33mâ”‚   [0m[33mhas no dirty files."""[0m                                                     [31m [0m
[31m [0m   [2m 35 [0m[2mâ”‚   [0m[94mtry[0m:                                                                       [31m [0m
[31m [0m [31mâ± [0m 36 [1;2;4mâ”‚   â”‚   [0m[1;4mrepo = Repo(repo_path)[0m                                                 [31m [0m
[31m [0m   [2m 37 [0m[2mâ”‚   [0m[94mexcept[0m InvalidGitRepositoryError:                                          [31m [0m
[31m [0m   [2m 38 [0m[2mâ”‚   â”‚   [0m[94mreturn[0m [94mFalse[0m                                                           [31m [0m
[31m [0m   [2m 39 [0m                                                                               [31m [0m
[31mâ”€â”€â”€â”€â”€â”€â”€â”€â”€â”€â”€â”€â”€â”€â”€â”€â”€â”€â”€â”€â”€â”€â”€â”€â”€â”€â”€â”€â”€â”€â”€â”€â”€â”€â”€â”€â”€â”€â”€â”€â”€â”€â”€â”€â”€â”€â”€â”€â”€â”€â”€â”€â”€â”€â”€â”€â”€â”€â”€â”€â”€â”€â”€â”€â”€â”€â”€â”€â”€â”€â”€â”€â”€â”€â”€â”€â”€â”€â”€â”€â”€â”€â”€â”€â”€â”€â”€â”€[0m
[1;91mImportError: [0mattempted relative import with no known parent package
[31mâ”€â”€[0m[31mâ”€â”€â”€â”€â”€â”€â”€â”€â”€â”€â”€â”€â”€â”€â”€â”€â”€â”€â”€â”€â”€â”€â”€â”€[0m[31m [0m[1;31mTraceback [0m[1;2;31m(most recent call last)[0m[31m [0m[31mâ”€â”€â”€â”€â”€â”€â”€â”€â”€â”€â”€â”€â”€â”€â”€â”€â”€â”€â”€â”€â”€â”€â”€â”€â”€[0m[31mâ”€â”€[0m
[31m [0m [2;33m/usr/local/lib/python3.12/dist-packages/streamlit/runtime/scriptrunner/[0m[1;33mexec_code.py[0m: [31m [0m
[31m [0m [94m129[0m in [92mexec_func_with_error_handling[0m                                                 [31m [0m
[31m [0m                                                                                      [31m [0m
[31m [0m [2;33m/usr/local/lib/python3.12/dist-packages/streamlit/runtime/scriptrunner/[0m[1;33mscript_runner[0m [31m [0m
[31m [0m [1;33m.py[0m:[94m672[0m in [92mcode_to_exec[0m                                                              [31m [0m
[31m [0m                                                                                      [31m [0m
[31m [0m [2;33m/content/[0m[1;33mapp.py[0m:[94m216[0m in [92m<module>[0m                                                      [31m [0m
[31m [0m                                                                                      [31m [0m
[31m [0m   [2m213 [0m                                                                               [31m [0m
[31m [0m   [2m214 [0m                                                                               [31m [0m
[31m [0m   [2m215 [0m[94mif[0m [91m__name__[0m == [33m"[0m[33m__main__[0m[33m"[0m:                                                     [31m [0m
[31m [0m [31mâ± [0m216 [2mâ”‚   [0m[1;4mmain()[0m                                                                     [31m [0m
[31m [0m   [2m217 [0m                                                                               [31m [0m
[31m [0m   [2m218 [0m                                                                               [31m [0m
[31m [0m                                                                                      [31m [0m
[31m [0m [2;33m/content/[0m[1;33mapp.py[0m:[94m143[0m in [92mmain[0m                                                          [31m [0m
[31m [0m                                                                                      [31m [0m
[31m [0m   [2m140 [0m[2mâ”‚   â”‚   [0mselected = st.selectbox([33m"[0m[33mOpen a conversation[0m[33m"[0m, session_options)        [31m [0m
[31m [0m   [2m141 [0m[2mâ”‚   â”‚   [0m[94mif[0m selected != [33m"[0m[33mnew[0m[33m"[0m:                                                  [31m [0m
[31m [0m   [2m142 [0m[2mâ”‚   â”‚   â”‚   [0mst.session_state[[33m"[0m[33msession_id[0m[33m"[0m] = selected                          [31m [0m
[31m [0m [31mâ± [0m143 [2mâ”‚   â”‚   â”‚   [0m[1;4mst.experimental_rerun[0m()                                            [31m [0m
[31m [0m   [2m144 [0m[2mâ”‚   â”‚   [0m                                                                       [31m [0m
[31m [0m   [2m145 [0m[2mâ”‚   â”‚   [0m[2m# 6ï¸âƒ£  List available tools[0m                                              [31m [0m
[31m [0m   [2m146 [0m[2mâ”‚   â”‚   [0mst.subheader([33m"[0m[33mAvailable tools[0m[33m"[0m)                                        [31m [0m
[31mâ”€â”€â”€â”€â”€â”€â”€â”€â”€â”€â”€â”€â”€â”€â”€â”€â”€â”€â”€â”€â”€â”€â”€â”€â”€â”€â”€â”€â”€â”€â”€â”€â”€â”€â”€â”€â”€â”€â”€â”€â”€â”€â”€â”€â”€â”€â”€â”€â”€â”€â”€â”€â”€â”€â”€â”€â”€â”€â”€â”€â”€â”€â”€â”€â”€â”€â”€â”€â”€â”€â”€â”€â”€â”€â”€â”€â”€â”€â”€â”€â”€â”€â”€â”€â”€â”€â”€â”€[0m
[1;91mAttributeError: [0mmodule [32m'streamlit'[0m has no attribute [32m'experimental_rerun'[0m
[31mâ”€â”€[0m[31mâ”€â”€â”€â”€â”€â”€â”€â”€â”€â”€â”€â”€â”€â”€â”€â”€â”€â”€â”€â”€â”€â”€â”€â”€[0m[31m [0m[1;31mTraceback [0m[1;2;31m(most recent call last)[0m[31m [0m[31mâ”€â”€â”€â”€â”€â”€â”€â”€â”€â”€â”€â”€â”€â”€â”€â”€â”€â”€â”€â”€â”€â”€â”€â”€â”€[0m[31mâ”€â”€[0m
[31m [0m [2;33m/usr/local/lib/python3.12/dist-packages/streamlit/runtime/scriptrunner/[0m[1;33mexec_code.py[0m: [31m [0m
[31m [0m [94m129[0m in [92mexec_func_with_error_handling[0m                                                 [31m [0m
[31m [0m                                                                                      [31m [0m
[31m [0m [2;33m/usr/local/lib/python3.12/dist-packages/streamlit/runtime/scriptrunner/[0m[1;33mscript_runner[0m [31m [0m
[31m [0m [1;33m.py[0m:[94m672[0m in [92mcode_to_exec[0m                                                              [31m [0m
[31m [0m                                                                                      [31m [0m
[31m [0m [2;33m/content/[0m[1;33mapp.py[0m:[94m216[0m in [92m<module>[0m                                                      [31m [0m
[31m [0m                                                                                      [31m [0m
[31m [0m   [2m213 [0m                                                                               [31m [0m
[31m [0m   [2m214 [0m                                                                               [31m [0m
[31m [0m   [2m215 [0m[94mif[0m [91m__name__[0m == [33m"[0m[33m__main__[0m[33m"[0m:                                                     [31m [0m
[31m [0m [31mâ± [0m216 [2mâ”‚   [0m[1;4mmain()[0m                                                                     [31m [0m
[31m [0m   [2m217 [0m                                                                               [31m [0m
[31m [0m   [2m218 [0m                                                                               [31m [0m
[31m [0m                                                                                      [31m [0m
[31m [0m [2;33m/content/[0m[1;33mapp.py[0m:[94m143[0m in [92mmain[0m                                                          [31m [0m
[31m [0m                                                                                      [31m [0m
[31m [0m   [2m140 [0m[2mâ”‚   â”‚   [0mselected = st.selectbox([33m"[0m[33mOpen a conversation[0m[33m"[0m, session_options)        [31m [0m
[31m [0m   [2m141 [0m[2mâ”‚   â”‚   [0m[94mif[0m selected != [33m"[0m[33mnew[0m[33m"[0m:                                                  [31m [0m
[31m [0m   [2m142 [0m[2mâ”‚   â”‚   â”‚   [0mst.session_state[[33m"[0m[33msession_id[0m[33m"[0m] = selected                          [31m [0m
[31m [0m [31mâ± [0m143 [2mâ”‚   â”‚   â”‚   [0m[1;4mst.experimental_rerun[0m()                                            [31m [0m
[31m [0m   [2m144 [0m[2mâ”‚   â”‚   [0m                                                                       [31m [0m
[31m [0m   [2m145 [0m[2mâ”‚   â”‚   [0m[2m# 6ï¸âƒ£  List available tools[0m                                              [31m [0m
[31m [0m   [2m146 [0m[2mâ”‚   â”‚   [0mst.subheader([33m"[0m[33mAvailable tools[0m[33m"[0m)                                        [31m [0m
[31mâ”€â”€â”€â”€â”€â”€â”€â”€â”€â”€â”€â”€â”€â”€â”€â”€â”€â”€â”€â”€â”€â”€â”€â”€â”€â”€â”€â”€â”€â”€â”€â”€â”€â”€â”€â”€â”€â”€â”€â”€â”€â”€â”€â”€â”€â”€â”€â”€â”€â”€â”€â”€â”€â”€â”€â”€â”€â”€â”€â”€â”€â”€â”€â”€â”€â”€â”€â”€â”€â”€â”€â”€â”€â”€â”€â”€â”€â”€â”€â”€â”€â”€â”€â”€â”€â”€â”€â”€[0m
[1;91mAttributeError: [0mmodule [32m'streamlit'[0m has no attribute [32m'experimental_rerun'[0m
